# JRE version: OpenJDK Runtime Environment Temurin-17.0.11+9 (17.0.11+9) (build 17.0.11+9)
# Java VM: OpenJDK 64-Bit Server VM Temurin-17.0.11+9 (17.0.11+9, mixed mode, emulated-client, tiered, compressed oops, compressed class ptrs, g1 gc, windows-amd64)
GC Precious Log:
 CPUs: 8 total, 8 available
 Memory: 5638M
 Large Page Support: Disabled
 NUMA Support: Disabled
 Compressed Oops: Enabled (32-bit)
 Heap Region Size: 1M
 Heap Min Capacity: 8M
 Heap Initial Capacity: 90M
 Heap Max Capacity: 1G
 Pre-touch: Disabled
 Parallel Workers: 8
 Concurrent Workers: 2
 Concurrent Refinement Workers: 8
 Periodic GC: Disabled
Heap:
 garbage-first heap   total 75776K, used 25118K [0x00000000c0000000, 0x0000000100000000)
  region size 1024K, 1 young (1024K), 0 survivors (0K)
 Metaspace       used 40903K, committed 41472K, reserved 1114112K
  class space    used 5222K, committed 5440K, reserved 1048576K
GC Heap History (20 events):
Event: 159.401 GC heap before
{Heap before GC invocations=19 (full 9):
 garbage-first heap   total 75776K, used 25118K [0x00000000c0000000, 0x0000000100000000)
  region size 1024K, 1 young (1024K), 0 survivors (0K)
 Metaspace       used 40903K, committed 41472K, reserved 1114112K
  class space    used 5222K, committed 5440K, reserved 1048576K
}
Event: 159.424 GC heap after
{Heap after GC invocations=20 (full 10):
 garbage-first heap   total 75776K, used 25118K [0x00000000c0000000, 0x0000000100000000)
  region size 1024K, 0 young (0K), 0 survivors (0K)
 Metaspace       used 40903K, committed 41472K, reserved 1114112K
  class space    used 5222K, committed 5440K, reserved 1048576K
}
Event: 169.636 GC heap before
{Heap before GC invocations=20 (full 10):
 garbage-first heap   total 75776K, used 25118K [0x00000000c0000000, 0x0000000100000000)
  region size 1024K, 1 young (1024K), 0 survivors (0K)
 Metaspace       used 40903K, committed 41472K, reserved 1114112K
  class space    used 5222K, committed 5440K, reserved 1048576K
}
Event: 169.670 GC heap after
{Heap after GC invocations=21 (full 11):
 garbage-first heap   total 75776K, used 25118K [0x00000000c0000000, 0x0000000100000000)
  region size 1024K, 0 young (0K), 0 survivors (0K)
 Metaspace       used 40903K, committed 41472K, reserved 1114112K
  class space    used 5222K, committed 5440K, reserved 1048576K
}
Event: 179.845 GC heap before
{Heap before GC invocations=21 (full 11):
 garbage-first heap   total 75776K, used 25118K [0x00000000c0000000, 0x0000000100000000)
  region size 1024K, 1 young (1024K), 0 survivors (0K)
 Metaspace       used 40903K, committed 41472K, reserved 1114112K
  class space    used 5222K, committed 5440K, reserved 1048576K
}
Event: 179.862 GC heap after
{Heap after GC invocations=22 (full 12):
 garbage-first heap   total 75776K, used 25118K [0x00000000c0000000, 0x0000000100000000)
  region size 1024K, 0 young (0K), 0 survivors (0K)
 Metaspace       used 40903K, committed 41472K, reserved 1114112K
  class space    used 5222K, committed 5440K, reserved 1048576K
}
Event: 190.276 GC heap before
{Heap before GC invocations=22 (full 12):
 garbage-first heap   total 75776K, used 25118K [0x00000000c0000000, 0x0000000100000000)
  region size 1024K, 1 young (1024K), 0 survivors (0K)
 Metaspace       used 40903K, committed 41472K, reserved 1114112K
  class space    used 5222K, committed 5440K, reserved 1048576K
}
Event: 190.344 GC heap after
{Heap after GC invocations=23 (full 13):
 garbage-first heap   total 75776K, used 25118K [0x00000000c0000000, 0x0000000100000000)
  region size 1024K, 0 young (0K), 0 survivors (0K)
 Metaspace       used 40903K, committed 41472K, reserved 1114112K
  class space    used 5222K, committed 5440K, reserved 1048576K
}
Event: 200.579 GC heap before
{Heap before GC invocations=23 (full 13):
 garbage-first heap   total 75776K, used 25118K [0x00000000c0000000, 0x0000000100000000)
  region size 1024K, 1 young (1024K), 0 survivors (0K)
 Metaspace       used 40903K, committed 41472K, reserved 1114112K
  class space    used 5222K, committed 5440K, reserved 1048576K
}
Event: 200.604 GC heap after
{Heap after GC invocations=24 (full 14):
 garbage-first heap   total 75776K, used 25118K [0x00000000c0000000, 0x0000000100000000)
  region size 1024K, 0 young (0K), 0 survivors (0K)
 Metaspace       used 40903K, committed 41472K, reserved 1114112K
  class space    used 5222K, committed 5440K, reserved 1048576K
}
Event: 210.835 GC heap before
{Heap before GC invocations=24 (full 14):
 garbage-first heap   total 75776K, used 25118K [0x00000000c0000000, 0x0000000100000000)
  region size 1024K, 1 young (1024K), 0 survivors (0K)
 Metaspace       used 40903K, committed 41472K, reserved 1114112K
  class space    used 5222K, committed 5440K, reserved 1048576K
}
Event: 210.859 GC heap after
{Heap after GC invocations=25 (full 15):
 garbage-first heap   total 75776K, used 25118K [0x00000000c0000000, 0x0000000100000000)
  region size 1024K, 0 young (0K), 0 survivors (0K)
 Metaspace       used 40903K, committed 41472K, reserved 1114112K
  class space    used 5222K, committed 5440K, reserved 1048576K
}
Event: 221.104 GC heap before
{Heap before GC invocations=25 (full 15):
 garbage-first heap   total 75776K, used 25118K [0x00000000c0000000, 0x0000000100000000)
  region size 1024K, 1 young (1024K), 0 survivors (0K)
 Metaspace       used 40903K, committed 41472K, reserved 1114112K
  class space    used 5222K, committed 5440K, reserved 1048576K
}
Event: 221.140 GC heap after
{Heap after GC invocations=26 (full 16):
 garbage-first heap   total 75776K, used 25118K [0x00000000c0000000, 0x0000000100000000)
  region size 1024K, 0 young (0K), 0 survivors (0K)
 Metaspace       used 40903K, committed 41472K, reserved 1114112K
  class space    used 5222K, committed 5440K, reserved 1048576K
}
Event: 231.426 GC heap before
{Heap before GC invocations=26 (full 16):
 garbage-first heap   total 75776K, used 25118K [0x00000000c0000000, 0x0000000100000000)
  region size 1024K, 1 young (1024K), 0 survivors (0K)
 Metaspace       used 40903K, committed 41472K, reserved 1114112K
  class space    used 5222K, committed 5440K, reserved 1048576K
}
Event: 231.477 GC heap after
{Heap after GC invocations=27 (full 17):
 garbage-first heap   total 75776K, used 25118K [0x00000000c0000000, 0x0000000100000000)
  region size 1024K, 0 young (0K), 0 survivors (0K)
 Metaspace       used 40903K, committed 41472K, reserved 1114112K
  class space    used 5222K, committed 5440K, reserved 1048576K
}
Event: 241.748 GC heap before
{Heap before GC invocations=27 (full 17):
 garbage-first heap   total 75776K, used 25118K [0x00000000c0000000, 0x0000000100000000)
  region size 1024K, 1 young (1024K), 0 survivors (0K)
 Metaspace       used 40903K, committed 41472K, reserved 1114112K
  class space    used 5222K, committed 5440K, reserved 1048576K
}
Event: 241.842 GC heap after
{Heap after GC invocations=28 (full 18):
 garbage-first heap   total 75776K, used 25118K [0x00000000c0000000, 0x0000000100000000)
  region size 1024K, 0 young (0K), 0 survivors (0K)
 Metaspace       used 40903K, committed 41472K, reserved 1114112K
  class space    used 5222K, committed 5440K, reserved 1048576K
}
Event: 252.277 GC heap before
{Heap before GC invocations=28 (full 18):
 garbage-first heap   total 75776K, used 25118K [0x00000000c0000000, 0x0000000100000000)
  region size 1024K, 1 young (1024K), 0 survivors (0K)
 Metaspace       used 40903K, committed 41472K, reserved 1114112K
  class space    used 5222K, committed 5440K, reserved 1048576K
}
Event: 252.398 GC heap after
{Heap after GC invocations=29 (full 19):
 garbage-first heap   total 75776K, used 25118K [0x00000000c0000000, 0x0000000100000000)
  region size 1024K, 0 young (0K), 0 survivors (0K)
 Metaspace       used 40903K, committed 41472K, reserved 1114112K
  class space    used 5222K, committed 5440K, reserved 1048576K
}

